\BOOKMARK [1][-]{section.1}{\376\377\000I\000n\000t\000r\000o\000d\000u\000c\000t\000i\000o\000n}{}% 1
\BOOKMARK [2][-]{subsection.1.1}{\376\377\000T\000h\000e\000\040\000C\000o\000r\000e\000\040\000P\000r\000o\000b\000l\000e\000m\000:\000\040\000S\000y\000s\000t\000e\000m\000\040\000v\000s\000\040\000S\000h\000a\000d\000o\000w}{section.1}% 2
\BOOKMARK [2][-]{subsection.1.2}{\376\377\000C\000o\000n\000t\000r\000i\000b\000u\000t\000i\000o\000n\000s}{section.1}% 3
\BOOKMARK [1][-]{section.2}{\376\377\000M\000e\000t\000h\000o\000d\000s}{}% 4
\BOOKMARK [2][-]{subsection.2.1}{\376\377\000T\000h\000e\000\040\000S\000h\000a\000d\000o\000w\000\040\000B\000o\000x\000:\000\040\000L\000o\000r\000e\000n\000z\000\040\000A\000t\000t\000r\000a\000c\000t\000o\000r\000\040\000P\000r\000o\000j\000e\000c\000t\000i\000o\000n}{section.2}% 5
\BOOKMARK [2][-]{subsection.2.2}{\376\377\000S\000u\000b\000-\000L\000a\000n\000d\000a\000u\000e\000r\000\040\000S\000i\000g\000n\000a\000l\000\040\000D\000e\000t\000e\000c\000t\000i\000o\000n}{section.2}% 6
\BOOKMARK [2][-]{subsection.2.3}{\376\377\000S\000c\000a\000l\000e\000-\000D\000e\000p\000e\000n\000d\000e\000n\000t\000\040\000F\000a\000l\000s\000i\000f\000i\000a\000b\000i\000l\000i\000t\000y}{section.2}% 7
\BOOKMARK [2][-]{subsection.2.4}{\376\377\000N\000o\000n\000-\000E\000r\000g\000o\000d\000i\000c\000\040\000M\000e\000m\000o\000r\000y}{section.2}% 8
\BOOKMARK [2][-]{subsection.2.5}{\376\377\000S\000a\000m\000p\000l\000e\000\040\000C\000o\000m\000p\000l\000e\000x\000i\000t\000y\000\040\000a\000n\000d\000\040\000C\000o\000v\000e\000r\000a\000g\000e}{section.2}% 9
\BOOKMARK [1][-]{section.3}{\376\377\000R\000e\000s\000u\000l\000t\000s}{}% 10
\BOOKMARK [2][-]{subsection.3.1}{\376\377\000T\000o\000p\000o\000l\000o\000g\000i\000c\000a\000l\000\040\000A\000l\000i\000a\000s\000i\000n\000g\000\040\000i\000n\000\040\000t\000h\000e\000\040\000S\000h\000a\000d\000o\000w\000\040\000B\000o\000x}{section.3}% 11
\BOOKMARK [2][-]{subsection.3.2}{\376\377\000S\000t\000o\000c\000h\000a\000s\000t\000i\000c\000\040\000R\000e\000s\000o\000n\000a\000n\000c\000e\000\040\000S\000c\000a\000l\000i\000n\000g}{section.3}% 12
\BOOKMARK [2][-]{subsection.3.3}{\376\377\000T\000h\000e\000\040\000F\000a\000l\000s\000i\000f\000i\000a\000b\000i\000l\000i\000t\000y\000\040\000R\000e\000g\000i\000m\000e\000\040\000D\000i\000a\000g\000r\000a\000m}{section.3}% 13
\BOOKMARK [2][-]{subsection.3.4}{\376\377\000N\000o\000n\000-\000E\000r\000g\000o\000d\000i\000c\000\040\000T\000i\000m\000e\000\040\000A\000v\000e\000r\000a\000g\000e\000s}{section.3}% 14
\BOOKMARK [2][-]{subsection.3.5}{\376\377\000C\000o\000v\000e\000r\000a\000g\000e\000\040\000C\000o\000l\000l\000a\000p\000s\000e\000\040\000i\000n\000\040\000H\000i\000g\000h\000\040\000D\000i\000m\000e\000n\000s\000i\000o\000n\000s}{section.3}% 15
\BOOKMARK [1][-]{section.4}{\376\377\000D\000i\000s\000c\000u\000s\000s\000i\000o\000n}{}% 16
\BOOKMARK [2][-]{subsection.4.1}{\376\377\000T\000o\000p\000o\000l\000o\000g\000i\000c\000a\000l\000\040\000A\000l\000i\000a\000s\000i\000n\000g\000\040\000a\000s\000\040\000a\000\040\000F\000u\000n\000d\000a\000m\000e\000n\000t\000a\000l\000\040\000L\000i\000m\000i\000t}{section.4}% 17
\BOOKMARK [2][-]{subsection.4.2}{\376\377\000T\000h\000e\000\040\000E\000n\000s\000e\000m\000b\000l\000e\000\040\000a\000s\000\040\000t\000h\000e\000\040\000A\000p\000p\000r\000o\000p\000r\000i\000a\000t\000e\000\040\000O\000b\000s\000e\000r\000v\000a\000b\000l\000e}{section.4}% 18
\BOOKMARK [2][-]{subsection.4.3}{\376\377\000W\000h\000e\000n\000\040\000D\000o\000e\000s\000\040\000P\000o\000p\000p\000e\000r\000\040\000A\000p\000p\000l\000y\000?}{section.4}% 19
\BOOKMARK [1][-]{section.5}{\376\377\000C\000o\000n\000c\000l\000u\000s\000i\000o\000n}{}% 20
